c:\mine\面试\isaac(16.1.12xin11)\isaac\debug\isaac.pch
c:\mine\面试\isaac(16.1.12xin11)\isaac\debug\vc142.pdb
c:\mine\面试\isaac(16.1.12xin11)\isaac\debug\vc142.idb
c:\mine\面试\isaac(16.1.12xin11)\isaac\debug\stdafx.obj
c:\mine\面试\isaac(16.1.12xin11)\isaac\debug\guide.obj
c:\mine\面试\isaac(16.1.12xin11)\isaac\debug\goods.obj
c:\mine\面试\isaac(16.1.12xin11)\isaac\debug\bombexplode.obj
c:\mine\面试\isaac(16.1.12xin11)\isaac\debug\gamemanager.obj
c:\mine\面试\isaac(16.1.12xin11)\isaac\debug\flymonster.obj
c:\mine\面试\isaac(16.1.12xin11)\isaac\debug\flyduke.obj
c:\mine\面试\isaac(16.1.12xin11)\isaac\debug\fly.obj
c:\mine\面试\isaac(16.1.12xin11)\isaac\debug\fire.obj
c:\mine\面试\isaac(16.1.12xin11)\isaac\debug\feces.obj
c:\mine\面试\isaac(16.1.12xin11)\isaac\debug\fecemonster.obj
c:\mine\面试\isaac(16.1.12xin11)\isaac\debug\eye.obj
c:\mine\面试\isaac(16.1.12xin11)\isaac\debug\end.obj
c:\mine\面试\isaac(16.1.12xin11)\isaac\debug\door.obj
c:\mine\面试\isaac(16.1.12xin11)\isaac\debug\bullet.obj
c:\mine\面试\isaac(16.1.12xin11)\isaac\debug\building.obj
c:\mine\面试\isaac(16.1.12xin11)\isaac\debug\bomb.obj
c:\mine\面试\isaac(16.1.12xin11)\isaac\debug\bob.obj
c:\mine\面试\isaac(16.1.12xin11)\isaac\debug\audio4bass.obj
c:\mine\面试\isaac(16.1.12xin11)\isaac\debug\astar.obj
c:\mine\面试\isaac(16.1.12xin11)\isaac\debug\angel.obj
c:\mine\面试\isaac(16.1.12xin11)\isaac\debug\playerbody.obj
c:\mine\面试\isaac(16.1.12xin11)\isaac\debug\player.obj
c:\mine\面试\isaac(16.1.12xin11)\isaac\debug\platform.obj
c:\mine\面试\isaac(16.1.12xin11)\isaac\debug\plat.obj
c:\mine\面试\isaac(16.1.12xin11)\isaac\debug\picture.obj
c:\mine\面试\isaac(16.1.12xin11)\isaac\debug\node.obj
c:\mine\面试\isaac(16.1.12xin11)\isaac\debug\newgame.obj
c:\mine\面试\isaac(16.1.12xin11)\isaac\debug\mushroom.obj
c:\mine\面试\isaac(16.1.12xin11)\isaac\debug\mulimg.obj
c:\mine\面试\isaac(16.1.12xin11)\isaac\debug\monsterdead.obj
c:\mine\面试\isaac(16.1.12xin11)\isaac\debug\money.obj
c:\mine\面试\isaac(16.1.12xin11)\isaac\debug\matherheart.obj
c:\mine\面试\isaac(16.1.12xin11)\isaac\debug\maskheart.obj
c:\mine\面试\isaac(16.1.12xin11)\isaac\debug\mask.obj
c:\mine\面试\isaac(16.1.12xin11)\isaac\debug\map.obj
c:\mine\面试\isaac(16.1.12xin11)\isaac\debug\leg.obj
c:\mine\面试\isaac(16.1.12xin11)\isaac\debug\isaac.obj
c:\mine\面试\isaac(16.1.12xin11)\isaac\debug\inputmanager.obj
c:\mine\面试\isaac(16.1.12xin11)\isaac\debug\hp.obj
c:\mine\面试\isaac(16.1.12xin11)\isaac\debug\heart.obj
c:\mine\面试\isaac(16.1.12xin11)\isaac\debug\transition.obj
c:\mine\面试\isaac(16.1.12xin11)\isaac\debug\tool.obj
c:\mine\面试\isaac(16.1.12xin11)\isaac\debug\tinyxmlparser.obj
c:\mine\面试\isaac(16.1.12xin11)\isaac\debug\tinyxmlerror.obj
c:\mine\面试\isaac(16.1.12xin11)\isaac\debug\tinyxml.obj
c:\mine\面试\isaac(16.1.12xin11)\isaac\debug\tinystr.obj
c:\mine\面试\isaac(16.1.12xin11)\isaac\debug\tile.obj
c:\mine\面试\isaac(16.1.12xin11)\isaac\debug\staticimg.obj
c:\mine\面试\isaac(16.1.12xin11)\isaac\debug\startsurface.obj
c:\mine\面试\isaac(16.1.12xin11)\isaac\debug\stage.obj
c:\mine\面试\isaac(16.1.12xin11)\isaac\debug\singleimg.obj
c:\mine\面试\isaac(16.1.12xin11)\isaac\debug\shoe.obj
c:\mine\面试\isaac(16.1.12xin11)\isaac\debug\selectplayer.obj
c:\mine\面试\isaac(16.1.12xin11)\isaac\debug\selectfile.obj
c:\mine\面试\isaac(16.1.12xin11)\isaac\debug\resmanager.obj
c:\mine\面试\isaac(16.1.12xin11)\isaac\debug\res.obj
c:\mine\面试\isaac(16.1.12xin11)\isaac\debug\bulletpoolmanager.obj
c:\mine\面试\isaac(16.1.12xin11)\isaac\debug\playerhead.obj
c:\mine\面试\isaac(16.1.12xin11)\debug\isaac.ilk
c:\mine\面试\isaac(16.1.12xin11)\debug\isaac.exe
c:\mine\面试\isaac(16.1.12xin11)\debug\isaac.pdb
c:\mine\面试\isaac(16.1.12xin11)\isaac\debug\isaac.res
c:\mine\面试\isaac(16.1.12xin11)\isaac\debug\isaac.tlog\cl.command.1.tlog
c:\mine\面试\isaac(16.1.12xin11)\isaac\debug\isaac.tlog\cl.read.1.tlog
c:\mine\面试\isaac(16.1.12xin11)\isaac\debug\isaac.tlog\cl.write.1.tlog
c:\mine\面试\isaac(16.1.12xin11)\isaac\debug\isaac.tlog\link.command.1.tlog
c:\mine\面试\isaac(16.1.12xin11)\isaac\debug\isaac.tlog\link.read.1.tlog
c:\mine\面试\isaac(16.1.12xin11)\isaac\debug\isaac.tlog\link.write.1.tlog
c:\mine\面试\isaac(16.1.12xin11)\isaac\debug\isaac.tlog\rc.command.1.tlog
c:\mine\面试\isaac(16.1.12xin11)\isaac\debug\isaac.tlog\rc.read.1.tlog
c:\mine\面试\isaac(16.1.12xin11)\isaac\debug\isaac.tlog\rc.write.1.tlog
